2025-12-23 23:05:20,777 | INFO | __main__ | Bot starting
2025-12-23 23:05:20,952 | INFO | apscheduler.scheduler | Scheduler started
2025-12-23 23:05:20,953 | INFO | aiogram.dispatcher | Start polling
2025-12-23 23:05:21,213 | INFO | aiogram.dispatcher | Run polling for bot @kntr_list_bot id=8499175413 - 'list_jobs'
2025-12-23 23:05:38,044 | INFO | aiogram.event | Update id=940332731 is not handled. Duration 0 ms by bot id=8499175413
2025-12-23 23:05:46,864 | INFO | aiogram.event | Update id=940332732 is handled. Duration 248 ms by bot id=8499175413
2025-12-23 23:05:53,919 | INFO | handlers.tasks | Task added: 1920657547
2025-12-23 23:05:54,024 | INFO | aiogram.event | Update id=940332733 is handled. Duration 110 ms by bot id=8499175413
2025-12-23 23:05:57,199 | INFO | aiogram.event | Update id=940332734 is handled. Duration 93 ms by bot id=8499175413
2025-12-23 23:06:02,235 | INFO | aiogram.event | Update id=940332735 is handled. Duration 102 ms by bot id=8499175413
2025-12-23 23:06:04,163 | INFO | aiogram.event | Update id=940332736 is handled. Duration 182 ms by bot id=8499175413
2025-12-23 23:06:06,133 | INFO | aiogram.event | Update id=940332737 is handled. Duration 101 ms by bot id=8499175413
2025-12-23 23:06:06,723 | WARNING | handlers.admin | Admin requested users list
2025-12-23 23:06:06,820 | INFO | aiogram.event | Update id=940332738 is handled. Duration 99 ms by bot id=8499175413
2025-12-23 23:06:08,226 | INFO | aiogram.event | Update id=940332739 is handled. Duration 101 ms by bot id=8499175413
2025-12-23 23:06:36,504 | INFO | aiogram.event | Update id=940332740 is handled. Duration 99 ms by bot id=8499175413
2025-12-23 23:06:39,723 | INFO | aiogram.event | Update id=940332741 is handled. Duration 97 ms by bot id=8499175413
2025-12-23 23:06:42,975 | INFO | aiogram.event | Update id=940332742 is handled. Duration 173 ms by bot id=8499175413
2025-12-23 23:06:48,458 | INFO | handlers.tasks | Task added: 1930027918
2025-12-23 23:06:48,635 | INFO | aiogram.event | Update id=940332743 is handled. Duration 181 ms by bot id=8499175413
2025-12-23 23:06:50,620 | INFO | aiogram.event | Update id=940332744 is handled. Duration 116 ms by bot id=8499175413
2025-12-23 23:06:52,146 | INFO | aiogram.event | Update id=940332745 is handled. Duration 129 ms by bot id=8499175413
2025-12-23 23:06:53,662 | INFO | aiogram.event | Update id=940332746 is handled. Duration 119 ms by bot id=8499175413
2025-12-23 23:06:55,108 | INFO | handlers.tasks | Task completed: 2
2025-12-23 23:06:55,252 | INFO | aiogram.event | Update id=940332747 is handled. Duration 149 ms by bot id=8499175413
2025-12-23 23:06:57,047 | INFO | aiogram.event | Update id=940332748 is handled. Duration 116 ms by bot id=8499175413
2025-12-23 23:06:58,607 | INFO | aiogram.event | Update id=940332749 is handled. Duration 93 ms by bot id=8499175413
2025-12-23 23:07:00,708 | INFO | aiogram.event | Update id=940332750 is handled. Duration 90 ms by bot id=8499175413
2025-12-23 23:07:07,743 | INFO | aiogram.event | Update id=940332751 is handled. Duration 95 ms by bot id=8499175413
2025-12-23 23:07:11,338 | INFO | handlers.tasks | Task added: 1920657547
2025-12-23 23:07:11,437 | INFO | aiogram.event | Update id=940332752 is handled. Duration 102 ms by bot id=8499175413
2025-12-23 23:07:13,013 | INFO | aiogram.event | Update id=940332753 is handled. Duration 95 ms by bot id=8499175413
2025-12-23 23:07:19,906 | INFO | handlers.tasks | Task added: 1930027918
2025-12-23 23:07:20,069 | INFO | aiogram.event | Update id=940332754 is handled. Duration 167 ms by bot id=8499175413
2025-12-23 23:07:21,985 | INFO | aiogram.event | Update id=940332755 is handled. Duration 94 ms by bot id=8499175413
2025-12-23 23:07:25,153 | INFO | handlers.tasks | Task completed: 1
2025-12-23 23:07:25,261 | INFO | aiogram.event | Update id=940332756 is handled. Duration 114 ms by bot id=8499175413
2025-12-23 23:07:27,062 | INFO | aiogram.event | Update id=940332757 is handled. Duration 160 ms by bot id=8499175413
2025-12-23 23:07:49,362 | WARNING | handlers.admin | Admin requested users list
2025-12-23 23:07:49,454 | INFO | aiogram.event | Update id=940332758 is handled. Duration 93 ms by bot id=8499175413
2025-12-23 23:07:51,280 | INFO | aiogram.event | Update id=940332759 is handled. Duration 100 ms by bot id=8499175413
2025-12-23 23:08:09,676 | INFO | handlers.start | User start: 6012038682
2025-12-23 23:08:09,830 | INFO | aiogram.event | Update id=940332760 is handled. Duration 160 ms by bot id=8499175413
2025-12-23 23:08:11,361 | WARNING | handlers.admin | Admin requested users list
2025-12-23 23:08:11,462 | INFO | aiogram.event | Update id=940332761 is handled. Duration 102 ms by bot id=8499175413
2025-12-23 23:08:13,662 | INFO | aiogram.event | Update id=940332762 is handled. Duration 169 ms by bot id=8499175413
2025-12-23 23:14:43,863 | INFO | aiogram.event | Update id=940332763 is handled. Duration 102 ms by bot id=8499175413
2025-12-23 23:14:45,411 | INFO | handlers.tasks | Task completed: 3
2025-12-23 23:14:45,596 | INFO | aiogram.event | Update id=940332764 is handled. Duration 190 ms by bot id=8499175413
2025-12-23 23:14:48,334 | INFO | aiogram.event | Update id=940332765 is handled. Duration 119 ms by bot id=8499175413
2025-12-23 23:14:50,165 | INFO | aiogram.event | Update id=940332766 is handled. Duration 124 ms by bot id=8499175413
2025-12-23 23:15:00,354 | WARNING | handlers.admin | Admin requested users list
2025-12-23 23:15:00,458 | INFO | aiogram.event | Update id=940332767 is handled. Duration 105 ms by bot id=8499175413
2025-12-23 23:15:02,007 | INFO | aiogram.event | Update id=940332768 is handled. Duration 95 ms by bot id=8499175413
2025-12-23 23:15:45,660 | INFO | aiogram.dispatcher | Polling stopped
2025-12-23 23:15:45,661 | ERROR | aiogram.dispatcher | Failed to fetch updates - TelegramNetworkError: HTTP Client says - ServerDisconnectedError: Server disconnected
2025-12-23 23:15:45,661 | WARNING | aiogram.dispatcher | Sleep for 1.000000 seconds and try again... (tryings = 0, bot id = 8499175413)
2025-12-23 23:15:45,924 | INFO | aiogram.dispatcher | Polling stopped for bot @kntr_list_bot id=8499175413 - 'list_jobs'
2026-01-02 14:33:42,985 | INFO | __main__ | Bot starting
2026-01-02 14:33:43,155 | INFO | apscheduler.scheduler | Adding job tentatively -- it will be properly scheduled when the scheduler starts
2026-01-02 14:33:43,156 | INFO | apscheduler.scheduler | Added job "send_daily" to job store "default"
2026-01-02 14:33:43,156 | INFO | apscheduler.scheduler | Scheduler started
2026-01-02 14:33:43,156 | INFO | aiogram.dispatcher | Start polling
2026-01-02 14:33:47,993 | INFO | aiogram.dispatcher | Run polling for bot @kntr_test_bot id=8256805438 - 'kntr_test_bot'
2026-01-02 14:34:51,900 | INFO | __main__ | Bot starting
2026-01-02 14:34:52,041 | INFO | apscheduler.scheduler | Adding job tentatively -- it will be properly scheduled when the scheduler starts
2026-01-02 14:34:52,042 | INFO | apscheduler.scheduler | Added job "send_daily" to job store "default"
2026-01-02 14:34:52,042 | INFO | apscheduler.scheduler | Scheduler started
2026-01-02 14:34:52,042 | INFO | aiogram.dispatcher | Start polling
2026-01-02 14:47:17,713 | INFO | __main__ | Bot starting
2026-01-02 14:47:17,857 | INFO | apscheduler.scheduler | Adding job tentatively -- it will be properly scheduled when the scheduler starts
2026-01-02 14:47:17,857 | INFO | apscheduler.scheduler | Added job "send_daily" to job store "default"
2026-01-02 14:47:17,857 | INFO | apscheduler.scheduler | Scheduler started
2026-01-02 14:47:17,858 | INFO | aiogram.dispatcher | Start polling
2026-01-02 14:47:18,400 | INFO | aiogram.dispatcher | Run polling for bot @kntr_test_bot id=8256805438 - 'kntr_test_bot'
2026-01-02 14:47:29,769 | INFO | handlers.start | User start: 1920657547
2026-01-02 14:47:37,137 | INFO | aiogram.event | Update id=439160594 is handled. Duration 1572 ms by bot id=8256805438
2026-01-02 14:47:37,141 | INFO | aiogram.event | Update id=439160593 is handled. Duration 7378 ms by bot id=8256805438
2026-01-02 14:47:42,035 | INFO | aiogram.event | Update id=439160595 is handled. Duration 88 ms by bot id=8256805438
2026-01-02 14:47:44,228 | INFO | handlers.tasks | Task added: 1920657547
2026-01-02 14:47:44,328 | INFO | aiogram.event | Update id=439160596 is handled. Duration 105 ms by bot id=8256805438
2026-01-02 14:47:46,864 | INFO | aiogram.event | Update id=439160597 is handled. Duration 1021 ms by bot id=8256805438
2026-01-02 14:47:47,367 | INFO | aiogram.event | Update id=439160598 is handled. Duration 112 ms by bot id=8256805438
2026-01-02 14:47:50,331 | INFO | aiogram.event | Update id=439160599 is handled. Duration 394 ms by bot id=8256805438
2026-01-02 14:48:06,374 | INFO | aiogram.event | Update id=439160600 is handled. Duration 220 ms by bot id=8256805438
2026-01-02 14:48:17,420 | INFO | __main__ | Bot starting
2026-01-02 14:48:17,590 | INFO | apscheduler.scheduler | Scheduler started
2026-01-02 14:48:17,590 | INFO | aiogram.dispatcher | Start polling
2026-01-02 14:48:19,316 | INFO | aiogram.dispatcher | Run polling for bot @kntr_test_bot id=8256805438 - 'kntr_test_bot'
2026-01-02 14:48:26,214 | INFO | aiogram.event | Update id=439160601 is handled. Duration 232 ms by bot id=8256805438
2026-01-02 14:48:27,331 | INFO | aiogram.event | Update id=439160602 is handled. Duration 122 ms by bot id=8256805438
2026-01-02 14:48:29,027 | INFO | handlers.tasks | Task added: 1920657547
2026-01-02 14:48:29,223 | INFO | aiogram.event | Update id=439160603 is handled. Duration 203 ms by bot id=8256805438
2026-01-02 14:48:31,976 | INFO | aiogram.event | Update id=439160604 is handled. Duration 109 ms by bot id=8256805438
2026-01-02 14:48:33,474 | INFO | aiogram.event | Update id=439160605 is handled. Duration 92 ms by bot id=8256805438
2026-01-02 14:48:34,874 | WARNING | handlers.admin | Admin requested users list
2026-01-02 14:48:35,760 | INFO | aiogram.event | Update id=439160606 is handled. Duration 888 ms by bot id=8256805438
2026-01-02 14:48:36,930 | INFO | aiogram.event | Update id=439160607 is handled. Duration 344 ms by bot id=8256805438
2026-01-02 14:48:41,141 | INFO | aiogram.event | Update id=439160608 is handled. Duration 99 ms by bot id=8256805438
2026-01-02 14:48:43,311 | INFO | handlers.tasks | Task completed: 1
2026-01-02 14:48:44,037 | INFO | aiogram.event | Update id=439160609 is handled. Duration 732 ms by bot id=8256805438
2026-01-02 14:48:46,368 | INFO | aiogram.event | Update id=439160610 is handled. Duration 717 ms by bot id=8256805438
2026-01-02 14:48:48,014 | INFO | handlers.tasks | Task added: 1920657547
2026-01-02 14:48:48,685 | INFO | aiogram.event | Update id=439160611 is handled. Duration 676 ms by bot id=8256805438
2026-01-02 14:49:19,540 | INFO | handlers.start | User start: 6012038682
2026-01-02 14:49:20,163 | INFO | aiogram.event | Update id=439160612 is handled. Duration 626 ms by bot id=8256805438
2026-01-02 14:49:22,644 | INFO | aiogram.event | Update id=439160613 is handled. Duration 403 ms by bot id=8256805438
2026-01-02 14:49:23,836 | INFO | aiogram.event | Update id=439160614 is handled. Duration 89 ms by bot id=8256805438
2026-01-02 14:57:10,160 | INFO | __main__ | Bot starting
2026-01-02 14:57:10,305 | INFO | apscheduler.scheduler | Adding job tentatively -- it will be properly scheduled when the scheduler starts
2026-01-02 14:57:10,305 | INFO | apscheduler.scheduler | Added job "send_daily" to job store "default"
2026-01-02 14:57:10,305 | INFO | apscheduler.scheduler | Scheduler started
2026-01-02 14:57:10,306 | INFO | aiogram.dispatcher | Start polling
2026-01-02 14:57:12,439 | INFO | aiogram.dispatcher | Run polling for bot @kntr_test_bot id=8256805438 - 'kntr_test_bot'
2026-01-02 14:57:19,219 | INFO | handlers.start | User start: 1920657547
2026-01-02 14:57:22,326 | INFO | aiogram.event | Update id=439160615 is handled. Duration 3112 ms by bot id=8256805438
2026-01-02 14:57:23,837 | INFO | aiogram.event | Update id=439160616 is handled. Duration 104 ms by bot id=8256805438
2026-01-02 14:57:25,379 | INFO | handlers.tasks | Task completed: 2
2026-01-02 14:57:26,823 | INFO | aiogram.event | Update id=439160617 is handled. Duration 1449 ms by bot id=8256805438
2026-01-02 14:57:29,845 | INFO | aiogram.event | Update id=439160618 is handled. Duration 720 ms by bot id=8256805438
2026-01-02 14:57:31,218 | INFO | aiogram.event | Update id=439160619 is handled. Duration 92 ms by bot id=8256805438
2026-01-02 14:57:33,198 | INFO | aiogram.event | Update id=439160620 is handled. Duration 104 ms by bot id=8256805438
2026-01-02 14:57:39,518 | INFO | handlers.tasks | Task added: 1920657547
2026-01-02 14:57:39,641 | INFO | aiogram.event | Update id=439160621 is handled. Duration 127 ms by bot id=8256805438
2026-01-02 14:57:46,630 | INFO | aiogram.event | Update id=439160622 is handled. Duration 103 ms by bot id=8256805438
2026-01-02 14:57:52,257 | INFO | aiogram.event | Update id=439160623 is not handled. Duration 1 ms by bot id=8256805438
2026-01-02 14:57:52,257 | ERROR | aiogram.event | Cause exception while process update id=439160623 by bot id=8256805438
IntegrityError: NOT NULL constraint failed: tasks.title
Traceback (most recent call last):
  File "C:\Users\user\source\repos\TODO_bot\venv\Lib\site-packages\aiogram\dispatcher\dispatcher.py", line 320, in _process_update
    response = await self.feed_update(bot, update, **kwargs)
               ^^^^^^^^^^^^^^^^^^^^^^^^^^^^^^^^^^^^^^^^^^^^^
  File "C:\Users\user\source\repos\TODO_bot\venv\Lib\site-packages\aiogram\dispatcher\dispatcher.py", line 164, in feed_update
    response = await self.update.wrap_outer_middleware(
               ^^^^^^^^^^^^^^^^^^^^^^^^^^^^^^^^^^^^^^^^
    ...<7 lines>...
    )
    ^
  File "C:\Users\user\source\repos\TODO_bot\venv\Lib\site-packages\aiogram\dispatcher\middlewares\error.py", line 27, in __call__
    return await handler(event, data)
           ^^^^^^^^^^^^^^^^^^^^^^^^^^
  File "C:\Users\user\source\repos\TODO_bot\venv\Lib\site-packages\aiogram\dispatcher\middlewares\user_context.py", line 58, in __call__
    return await handler(event, data)
           ^^^^^^^^^^^^^^^^^^^^^^^^^^
  File "C:\Users\user\source\repos\TODO_bot\venv\Lib\site-packages\aiogram\fsm\middleware.py", line 43, in __call__
    return await handler(event, data)
           ^^^^^^^^^^^^^^^^^^^^^^^^^^
  File "C:\Users\user\source\repos\TODO_bot\venv\Lib\site-packages\aiogram\dispatcher\event\telegram.py", line 126, in trigger
    return await wrapped_inner(event, kwargs)
           ^^^^^^^^^^^^^^^^^^^^^^^^^^^^^^^^^^
  File "C:\Users\user\source\repos\TODO_bot\venv\Lib\site-packages\aiogram\dispatcher\event\handler.py", line 43, in call
    return await wrapped()
           ^^^^^^^^^^^^^^^
  File "C:\Users\user\source\repos\TODO_bot\venv\Lib\site-packages\aiogram\dispatcher\dispatcher.py", line 283, in _listen_update
    return await self.propagate_event(update_type=update_type, event=event, **kwargs)
           ^^^^^^^^^^^^^^^^^^^^^^^^^^^^^^^^^^^^^^^^^^^^^^^^^^^^^^^^^^^^^^^^^^^^^^^^^^
  File "C:\Users\user\source\repos\TODO_bot\venv\Lib\site-packages\aiogram\dispatcher\router.py", line 161, in propagate_event
    return await observer.wrap_outer_middleware(_wrapped, event=event, data=kwargs)
           ^^^^^^^^^^^^^^^^^^^^^^^^^^^^^^^^^^^^^^^^^^^^^^^^^^^^^^^^^^^^^^^^^^^^^^^^
  File "C:\Users\user\source\repos\TODO_bot\venv\Lib\site-packages\aiogram\dispatcher\router.py", line 153, in _wrapped
    return await self._propagate_event(
           ^^^^^^^^^^^^^^^^^^^^^^^^^^^^
    ...<4 lines>...
    )
    ^
  File "C:\Users\user\source\repos\TODO_bot\venv\Lib\site-packages\aiogram\dispatcher\router.py", line 189, in _propagate_event
    response = await router.propagate_event(update_type=update_type, event=event, **kwargs)
               ^^^^^^^^^^^^^^^^^^^^^^^^^^^^^^^^^^^^^^^^^^^^^^^^^^^^^^^^^^^^^^^^^^^^^^^^^^^^
  File "C:\Users\user\source\repos\TODO_bot\venv\Lib\site-packages\aiogram\dispatcher\router.py", line 161, in propagate_event
    return await observer.wrap_outer_middleware(_wrapped, event=event, data=kwargs)
           ^^^^^^^^^^^^^^^^^^^^^^^^^^^^^^^^^^^^^^^^^^^^^^^^^^^^^^^^^^^^^^^^^^^^^^^^
  File "C:\Users\user\source\repos\TODO_bot\venv\Lib\site-packages\aiogram\dispatcher\router.py", line 153, in _wrapped
    return await self._propagate_event(
           ^^^^^^^^^^^^^^^^^^^^^^^^^^^^
    ...<4 lines>...
    )
    ^
  File "C:\Users\user\source\repos\TODO_bot\venv\Lib\site-packages\aiogram\dispatcher\router.py", line 181, in _propagate_event
    response = await observer.trigger(event, **kwargs)
               ^^^^^^^^^^^^^^^^^^^^^^^^^^^^^^^^^^^^^^^
  File "C:\Users\user\source\repos\TODO_bot\venv\Lib\site-packages\aiogram\dispatcher\event\telegram.py", line 126, in trigger
    return await wrapped_inner(event, kwargs)
           ^^^^^^^^^^^^^^^^^^^^^^^^^^^^^^^^^^
  File "C:\Users\user\source\repos\TODO_bot\venv\Lib\site-packages\aiogram\dispatcher\event\handler.py", line 43, in call
    return await wrapped()
           ^^^^^^^^^^^^^^^
  File "C:\Users\user\source\repos\TODO_bot\TODO_bot\handlers\tasks.py", line 22, in save_task
    await db.execute(
    ...<2 lines>...
    )
  File "C:\Users\user\source\repos\TODO_bot\venv\Lib\site-packages\aiosqlite\core.py", line 223, in execute
    cursor = await self._execute(self._conn.execute, sql, parameters)
             ^^^^^^^^^^^^^^^^^^^^^^^^^^^^^^^^^^^^^^^^^^^^^^^^^^^^^^^^
  File "C:\Users\user\source\repos\TODO_bot\venv\Lib\site-packages\aiosqlite\core.py", line 160, in _execute
    return await future
           ^^^^^^^^^^^^
  File "C:\Users\user\source\repos\TODO_bot\venv\Lib\site-packages\aiosqlite\core.py", line 63, in _connection_worker_thread
    result = function()
sqlite3.IntegrityError: NOT NULL constraint failed: tasks.title
2026-01-02 14:57:58,584 | INFO | handlers.start | User start: 1920657547
2026-01-02 14:57:58,731 | INFO | aiogram.event | Update id=439160624 is handled. Duration 148 ms by bot id=8256805438
2026-01-02 14:58:03,512 | INFO | aiogram.event | Update id=439160625 is handled. Duration 825 ms by bot id=8256805438
2026-01-02 15:01:47,921 | INFO | __main__ | Bot starting
2026-01-02 15:01:48,067 | INFO | apscheduler.scheduler | Adding job tentatively -- it will be properly scheduled when the scheduler starts
2026-01-02 15:01:48,068 | INFO | apscheduler.scheduler | Added job "send_daily" to job store "default"
2026-01-02 15:01:48,068 | INFO | apscheduler.scheduler | Scheduler started
2026-01-02 15:01:48,068 | INFO | aiogram.dispatcher | Start polling
2026-01-02 15:01:48,828 | INFO | aiogram.dispatcher | Run polling for bot @kntr_test_bot id=8256805438 - 'kntr_test_bot'
2026-01-02 15:01:51,812 | INFO | aiogram.event | Update id=439160626 is handled. Duration 701 ms by bot id=8256805438
2026-01-02 15:01:55,688 | INFO | aiogram.event | Update id=439160627 is handled. Duration 521 ms by bot id=8256805438
2026-01-02 15:01:57,876 | INFO | aiogram.event | Update id=439160628 is handled. Duration 107 ms by bot id=8256805438
2026-01-02 15:01:59,111 | INFO | aiogram.event | Update id=439160629 is handled. Duration 97 ms by bot id=8256805438
2026-01-02 15:02:00,983 | INFO | handlers.tasks | Task added: 1920657547
2026-01-02 15:02:01,429 | INFO | aiogram.event | Update id=439160630 is handled. Duration 453 ms by bot id=8256805438
2026-01-02 15:02:02,681 | INFO | aiogram.event | Update id=439160631 is handled. Duration 90 ms by bot id=8256805438
2026-01-02 15:02:04,978 | INFO | aiogram.event | Update id=439160632 is handled. Duration 420 ms by bot id=8256805438
2026-01-02 15:02:07,417 | INFO | aiogram.event | Update id=439160633 is handled. Duration 93 ms by bot id=8256805438
2026-01-02 15:02:10,154 | INFO | aiogram.event | Update id=439160634 is handled. Duration 942 ms by bot id=8256805438
2026-01-02 15:02:11,014 | WARNING | handlers.admin | Admin requested users list
2026-01-02 15:02:11,110 | INFO | aiogram.event | Update id=439160635 is handled. Duration 97 ms by bot id=8256805438
2026-01-02 15:02:12,259 | INFO | aiogram.event | Update id=439160636 is handled. Duration 99 ms by bot id=8256805438
2026-01-02 15:10:18,520 | INFO | __main__ | Bot starting
2026-01-02 15:10:18,662 | INFO | apscheduler.scheduler | Adding job tentatively -- it will be properly scheduled when the scheduler starts
2026-01-02 15:10:18,663 | INFO | apscheduler.scheduler | Added job "send_daily" to job store "default"
2026-01-02 15:10:18,663 | INFO | apscheduler.scheduler | Scheduler started
2026-01-02 15:10:18,663 | INFO | aiogram.dispatcher | Start polling
2026-01-02 15:10:19,215 | INFO | aiogram.dispatcher | Run polling for bot @kntr_test_bot id=8256805438 - 'kntr_test_bot'
2026-01-02 15:10:25,010 | INFO | aiogram.event | Update id=439160637 is handled. Duration 550 ms by bot id=8256805438
2026-01-02 15:10:26,517 | INFO | aiogram.event | Update id=439160638 is handled. Duration 423 ms by bot id=8256805438
2026-01-02 15:10:27,813 | INFO | aiogram.event | Update id=439160639 is handled. Duration 96 ms by bot id=8256805438
2026-01-02 15:10:32,007 | INFO | handlers.tasks | Task added: 1920657547
2026-01-02 15:10:32,097 | INFO | aiogram.event | Update id=439160640 is handled. Duration 95 ms by bot id=8256805438
2026-01-02 15:10:38,908 | INFO | aiogram.event | Update id=439160641 is handled. Duration 131 ms by bot id=8256805438
2026-01-02 15:10:49,817 | INFO | aiogram.event | Update id=439160642 is handled. Duration 128 ms by bot id=8256805438
2026-01-02 15:10:55,328 | INFO | handlers.tasks | Task added: 1920657547
2026-01-02 15:10:55,426 | INFO | aiogram.event | Update id=439160643 is handled. Duration 103 ms by bot id=8256805438
2026-01-02 15:10:57,175 | INFO | aiogram.event | Update id=439160644 is handled. Duration 405 ms by bot id=8256805438
2026-01-02 15:10:58,886 | INFO | aiogram.event | Update id=439160645 is handled. Duration 87 ms by bot id=8256805438
2026-01-02 15:15:05,311 | INFO | __main__ | Bot starting
2026-01-02 15:15:05,458 | INFO | apscheduler.scheduler | Adding job tentatively -- it will be properly scheduled when the scheduler starts
2026-01-02 15:15:05,459 | INFO | apscheduler.scheduler | Added job "send_daily" to job store "default"
2026-01-02 15:15:05,459 | INFO | apscheduler.scheduler | Scheduler started
2026-01-02 15:15:05,459 | INFO | aiogram.dispatcher | Start polling
2026-01-02 15:15:06,419 | INFO | aiogram.dispatcher | Run polling for bot @kntr_test_bot id=8256805438 - 'kntr_test_bot'
2026-01-02 15:15:11,226 | INFO | aiogram.event | Update id=439160646 is handled. Duration 3332 ms by bot id=8256805438
2026-01-02 15:23:34,577 | INFO | __main__ | Bot starting
2026-01-02 15:23:34,733 | INFO | apscheduler.scheduler | Adding job tentatively -- it will be properly scheduled when the scheduler starts
2026-01-02 15:23:34,734 | INFO | apscheduler.scheduler | Added job "send_daily" to job store "default"
2026-01-02 15:23:34,734 | INFO | apscheduler.scheduler | Scheduler started
2026-01-02 15:23:34,734 | INFO | aiogram.dispatcher | Start polling
2026-01-02 15:23:35,341 | INFO | aiogram.dispatcher | Run polling for bot @kntr_test_bot id=8256805438 - 'kntr_test_bot'
2026-01-02 15:23:38,588 | INFO | aiogram.event | Update id=439160647 is handled. Duration 1247 ms by bot id=8256805438
2026-01-02 15:23:40,484 | INFO | aiogram.event | Update id=439160648 is handled. Duration 177 ms by bot id=8256805438
2026-01-02 15:23:41,775 | INFO | handlers.complete_all | All tasks completed for user 1920657547
2026-01-02 15:23:42,116 | INFO | aiogram.event | Update id=439160649 is handled. Duration 346 ms by bot id=8256805438
2026-01-02 15:23:43,681 | INFO | aiogram.event | Update id=439160650 is not handled. Duration 93 ms by bot id=8256805438
2026-01-02 15:23:43,681 | ERROR | aiogram.event | Cause exception while process update id=439160650 by bot id=8256805438
TelegramBadRequest: Telegram server says - Bad Request: message is not modified: specified new message content and reply markup are exactly the same as a current content and reply markup of the message
Traceback (most recent call last):
  File "C:\Users\user\source\repos\TODO_bot\venv\Lib\site-packages\aiogram\dispatcher\dispatcher.py", line 320, in _process_update
    response = await self.feed_update(bot, update, **kwargs)
               ^^^^^^^^^^^^^^^^^^^^^^^^^^^^^^^^^^^^^^^^^^^^^
  File "C:\Users\user\source\repos\TODO_bot\venv\Lib\site-packages\aiogram\dispatcher\dispatcher.py", line 164, in feed_update
    response = await self.update.wrap_outer_middleware(
               ^^^^^^^^^^^^^^^^^^^^^^^^^^^^^^^^^^^^^^^^
    ...<7 lines>...
    )
    ^
  File "C:\Users\user\source\repos\TODO_bot\venv\Lib\site-packages\aiogram\dispatcher\middlewares\error.py", line 27, in __call__
    return await handler(event, data)
           ^^^^^^^^^^^^^^^^^^^^^^^^^^
  File "C:\Users\user\source\repos\TODO_bot\venv\Lib\site-packages\aiogram\dispatcher\middlewares\user_context.py", line 58, in __call__
    return await handler(event, data)
           ^^^^^^^^^^^^^^^^^^^^^^^^^^
  File "C:\Users\user\source\repos\TODO_bot\venv\Lib\site-packages\aiogram\fsm\middleware.py", line 43, in __call__
    return await handler(event, data)
           ^^^^^^^^^^^^^^^^^^^^^^^^^^
  File "C:\Users\user\source\repos\TODO_bot\venv\Lib\site-packages\aiogram\dispatcher\event\telegram.py", line 126, in trigger
    return await wrapped_inner(event, kwargs)
           ^^^^^^^^^^^^^^^^^^^^^^^^^^^^^^^^^^
  File "C:\Users\user\source\repos\TODO_bot\venv\Lib\site-packages\aiogram\dispatcher\event\handler.py", line 43, in call
    return await wrapped()
           ^^^^^^^^^^^^^^^
  File "C:\Users\user\source\repos\TODO_bot\venv\Lib\site-packages\aiogram\dispatcher\dispatcher.py", line 283, in _listen_update
    return await self.propagate_event(update_type=update_type, event=event, **kwargs)
           ^^^^^^^^^^^^^^^^^^^^^^^^^^^^^^^^^^^^^^^^^^^^^^^^^^^^^^^^^^^^^^^^^^^^^^^^^^
  File "C:\Users\user\source\repos\TODO_bot\venv\Lib\site-packages\aiogram\dispatcher\router.py", line 161, in propagate_event
    return await observer.wrap_outer_middleware(_wrapped, event=event, data=kwargs)
           ^^^^^^^^^^^^^^^^^^^^^^^^^^^^^^^^^^^^^^^^^^^^^^^^^^^^^^^^^^^^^^^^^^^^^^^^
  File "C:\Users\user\source\repos\TODO_bot\venv\Lib\site-packages\aiogram\dispatcher\router.py", line 153, in _wrapped
    return await self._propagate_event(
           ^^^^^^^^^^^^^^^^^^^^^^^^^^^^
    ...<4 lines>...
    )
    ^
  File "C:\Users\user\source\repos\TODO_bot\venv\Lib\site-packages\aiogram\dispatcher\router.py", line 189, in _propagate_event
    response = await router.propagate_event(update_type=update_type, event=event, **kwargs)
               ^^^^^^^^^^^^^^^^^^^^^^^^^^^^^^^^^^^^^^^^^^^^^^^^^^^^^^^^^^^^^^^^^^^^^^^^^^^^
  File "C:\Users\user\source\repos\TODO_bot\venv\Lib\site-packages\aiogram\dispatcher\router.py", line 161, in propagate_event
    return await observer.wrap_outer_middleware(_wrapped, event=event, data=kwargs)
           ^^^^^^^^^^^^^^^^^^^^^^^^^^^^^^^^^^^^^^^^^^^^^^^^^^^^^^^^^^^^^^^^^^^^^^^^
  File "C:\Users\user\source\repos\TODO_bot\venv\Lib\site-packages\aiogram\dispatcher\router.py", line 153, in _wrapped
    return await self._propagate_event(
           ^^^^^^^^^^^^^^^^^^^^^^^^^^^^
    ...<4 lines>...
    )
    ^
  File "C:\Users\user\source\repos\TODO_bot\venv\Lib\site-packages\aiogram\dispatcher\router.py", line 181, in _propagate_event
    response = await observer.trigger(event, **kwargs)
               ^^^^^^^^^^^^^^^^^^^^^^^^^^^^^^^^^^^^^^^
  File "C:\Users\user\source\repos\TODO_bot\venv\Lib\site-packages\aiogram\dispatcher\event\telegram.py", line 126, in trigger
    return await wrapped_inner(event, kwargs)
           ^^^^^^^^^^^^^^^^^^^^^^^^^^^^^^^^^^
  File "C:\Users\user\source\repos\TODO_bot\venv\Lib\site-packages\aiogram\dispatcher\event\handler.py", line 43, in call
    return await wrapped()
           ^^^^^^^^^^^^^^^
  File "C:\Users\user\source\repos\TODO_bot\TODO_bot\handlers\tasks.py", line 59, in show_tasks
    await cb.message.edit_text(
    ...<2 lines>...
    )
  File "C:\Users\user\source\repos\TODO_bot\venv\Lib\site-packages\aiogram\methods\base.py", line 84, in emit
    return await bot(self)
           ^^^^^^^^^^^^^^^
  File "C:\Users\user\source\repos\TODO_bot\venv\Lib\site-packages\aiogram\client\bot.py", line 485, in __call__
    return await self.session(self, method, timeout=request_timeout)
           ^^^^^^^^^^^^^^^^^^^^^^^^^^^^^^^^^^^^^^^^^^^^^^^^^^^^^^^^^
  File "C:\Users\user\source\repos\TODO_bot\venv\Lib\site-packages\aiogram\client\session\base.py", line 259, in __call__
    return cast(TelegramType, await middleware(bot, method))
                              ^^^^^^^^^^^^^^^^^^^^^^^^^^^^^
  File "C:\Users\user\source\repos\TODO_bot\venv\Lib\site-packages\aiogram\client\session\aiohttp.py", line 177, in make_request
    response = self.check_response(
        bot=bot,
    ...<2 lines>...
        content=raw_result,
    )
  File "C:\Users\user\source\repos\TODO_bot\venv\Lib\site-packages\aiogram\client\session\base.py", line 121, in check_response
    raise TelegramBadRequest(method=method, message=description)
aiogram.exceptions.TelegramBadRequest: Telegram server says - Bad Request: message is not modified: specified new message content and reply markup are exactly the same as a current content and reply markup of the message
2026-01-02 15:24:03,554 | INFO | aiogram.dispatcher | Polling stopped
2026-01-02 15:24:03,555 | ERROR | aiogram.dispatcher | Failed to fetch updates - TelegramNetworkError: HTTP Client says - ServerDisconnectedError: Server disconnected
2026-01-02 15:24:03,555 | WARNING | aiogram.dispatcher | Sleep for 1.000000 seconds and try again... (tryings = 0, bot id = 8256805438)
2026-01-02 15:24:03,807 | INFO | aiogram.dispatcher | Polling stopped for bot @kntr_test_bot id=8256805438 - 'kntr_test_bot'
2026-01-02 15:24:51,265 | INFO | __main__ | Bot starting
2026-01-02 15:24:51,417 | INFO | apscheduler.scheduler | Adding job tentatively -- it will be properly scheduled when the scheduler starts
2026-01-02 15:24:51,418 | INFO | apscheduler.scheduler | Added job "send_daily" to job store "default"
2026-01-02 15:24:51,418 | INFO | apscheduler.scheduler | Scheduler started
2026-01-02 15:24:51,418 | INFO | aiogram.dispatcher | Start polling
2026-01-02 15:24:52,087 | INFO | aiogram.dispatcher | Run polling for bot @kntr_test_bot id=8256805438 - 'kntr_test_bot'
2026-01-02 15:24:55,790 | INFO | handlers.start | User start: 1920657547
2026-01-02 15:24:56,049 | INFO | aiogram.event | Update id=439160651 is handled. Duration 260 ms by bot id=8256805438
2026-01-02 15:24:57,511 | INFO | aiogram.event | Update id=439160652 is handled. Duration 713 ms by bot id=8256805438
2026-01-02 15:25:01,011 | INFO | aiogram.event | Update id=439160653 is handled. Duration 88 ms by bot id=8256805438
2026-01-02 15:25:02,911 | INFO | handlers.tasks | Task added: 1920657547
2026-01-02 15:25:03,037 | INFO | aiogram.event | Update id=439160654 is handled. Duration 131 ms by bot id=8256805438
2026-01-02 15:25:07,017 | INFO | aiogram.event | Update id=439160655 is handled. Duration 89 ms by bot id=8256805438
2026-01-02 15:25:09,100 | INFO | aiogram.event | Update id=439160656 is handled. Duration 94 ms by bot id=8256805438
2026-01-02 15:25:11,981 | INFO | aiogram.event | Update id=439160657 is handled. Duration 730 ms by bot id=8256805438
2026-01-02 15:25:13,549 | INFO | aiogram.event | Update id=439160658 is handled. Duration 93 ms by bot id=8256805438
2026-01-02 15:25:15,601 | INFO | aiogram.event | Update id=439160659 is handled. Duration 99 ms by bot id=8256805438
2026-01-02 15:25:17,358 | INFO | aiogram.event | Update id=439160660 is not handled. Duration 0 ms by bot id=8256805438
2026-01-02 15:25:25,764 | INFO | aiogram.event | Update id=439160661 is handled. Duration 118 ms by bot id=8256805438
2026-01-02 15:25:28,012 | INFO | aiogram.event | Update id=439160662 is handled. Duration 931 ms by bot id=8256805438
2026-01-02 15:25:28,971 | INFO | aiogram.event | Update id=439160663 is not handled. Duration 0 ms by bot id=8256805438
2026-01-02 15:25:41,629 | INFO | aiogram.event | Update id=439160664 is handled. Duration 98 ms by bot id=8256805438
2026-01-02 15:25:45,543 | INFO | aiogram.event | Update id=439160665 is handled. Duration 1111 ms by bot id=8256805438
2026-01-02 15:25:46,740 | INFO | aiogram.event | Update id=439160666 is not handled. Duration 1 ms by bot id=8256805438
2026-01-02 15:26:41,162 | INFO | handlers.complete_all | All tasks completed for user 1920657547
2026-01-02 15:26:41,254 | INFO | aiogram.event | Update id=439160667 is handled. Duration 97 ms by bot id=8256805438
2026-01-02 15:26:48,064 | INFO | aiogram.event | Update id=439160668 is not handled. Duration 91 ms by bot id=8256805438
2026-01-02 15:26:48,065 | ERROR | aiogram.event | Cause exception while process update id=439160668 by bot id=8256805438
TelegramBadRequest: Telegram server says - Bad Request: message is not modified: specified new message content and reply markup are exactly the same as a current content and reply markup of the message
Traceback (most recent call last):
  File "C:\Users\user\source\repos\TODO_bot\venv\Lib\site-packages\aiogram\dispatcher\dispatcher.py", line 320, in _process_update
    response = await self.feed_update(bot, update, **kwargs)
               ^^^^^^^^^^^^^^^^^^^^^^^^^^^^^^^^^^^^^^^^^^^^^
  File "C:\Users\user\source\repos\TODO_bot\venv\Lib\site-packages\aiogram\dispatcher\dispatcher.py", line 164, in feed_update
    response = await self.update.wrap_outer_middleware(
               ^^^^^^^^^^^^^^^^^^^^^^^^^^^^^^^^^^^^^^^^
    ...<7 lines>...
    )
    ^
  File "C:\Users\user\source\repos\TODO_bot\venv\Lib\site-packages\aiogram\dispatcher\middlewares\error.py", line 27, in __call__
    return await handler(event, data)
           ^^^^^^^^^^^^^^^^^^^^^^^^^^
  File "C:\Users\user\source\repos\TODO_bot\venv\Lib\site-packages\aiogram\dispatcher\middlewares\user_context.py", line 58, in __call__
    return await handler(event, data)
           ^^^^^^^^^^^^^^^^^^^^^^^^^^
  File "C:\Users\user\source\repos\TODO_bot\venv\Lib\site-packages\aiogram\fsm\middleware.py", line 43, in __call__
    return await handler(event, data)
           ^^^^^^^^^^^^^^^^^^^^^^^^^^
  File "C:\Users\user\source\repos\TODO_bot\venv\Lib\site-packages\aiogram\dispatcher\event\telegram.py", line 126, in trigger
    return await wrapped_inner(event, kwargs)
           ^^^^^^^^^^^^^^^^^^^^^^^^^^^^^^^^^^
  File "C:\Users\user\source\repos\TODO_bot\venv\Lib\site-packages\aiogram\dispatcher\event\handler.py", line 43, in call
    return await wrapped()
           ^^^^^^^^^^^^^^^
  File "C:\Users\user\source\repos\TODO_bot\venv\Lib\site-packages\aiogram\dispatcher\dispatcher.py", line 283, in _listen_update
    return await self.propagate_event(update_type=update_type, event=event, **kwargs)
           ^^^^^^^^^^^^^^^^^^^^^^^^^^^^^^^^^^^^^^^^^^^^^^^^^^^^^^^^^^^^^^^^^^^^^^^^^^
  File "C:\Users\user\source\repos\TODO_bot\venv\Lib\site-packages\aiogram\dispatcher\router.py", line 161, in propagate_event
    return await observer.wrap_outer_middleware(_wrapped, event=event, data=kwargs)
           ^^^^^^^^^^^^^^^^^^^^^^^^^^^^^^^^^^^^^^^^^^^^^^^^^^^^^^^^^^^^^^^^^^^^^^^^
  File "C:\Users\user\source\repos\TODO_bot\venv\Lib\site-packages\aiogram\dispatcher\router.py", line 153, in _wrapped
    return await self._propagate_event(
           ^^^^^^^^^^^^^^^^^^^^^^^^^^^^
    ...<4 lines>...
    )
    ^
  File "C:\Users\user\source\repos\TODO_bot\venv\Lib\site-packages\aiogram\dispatcher\router.py", line 189, in _propagate_event
    response = await router.propagate_event(update_type=update_type, event=event, **kwargs)
               ^^^^^^^^^^^^^^^^^^^^^^^^^^^^^^^^^^^^^^^^^^^^^^^^^^^^^^^^^^^^^^^^^^^^^^^^^^^^
  File "C:\Users\user\source\repos\TODO_bot\venv\Lib\site-packages\aiogram\dispatcher\router.py", line 161, in propagate_event
    return await observer.wrap_outer_middleware(_wrapped, event=event, data=kwargs)
           ^^^^^^^^^^^^^^^^^^^^^^^^^^^^^^^^^^^^^^^^^^^^^^^^^^^^^^^^^^^^^^^^^^^^^^^^
  File "C:\Users\user\source\repos\TODO_bot\venv\Lib\site-packages\aiogram\dispatcher\router.py", line 153, in _wrapped
    return await self._propagate_event(
           ^^^^^^^^^^^^^^^^^^^^^^^^^^^^
    ...<4 lines>...
    )
    ^
  File "C:\Users\user\source\repos\TODO_bot\venv\Lib\site-packages\aiogram\dispatcher\router.py", line 181, in _propagate_event
    response = await observer.trigger(event, **kwargs)
               ^^^^^^^^^^^^^^^^^^^^^^^^^^^^^^^^^^^^^^^
  File "C:\Users\user\source\repos\TODO_bot\venv\Lib\site-packages\aiogram\dispatcher\event\telegram.py", line 126, in trigger
    return await wrapped_inner(event, kwargs)
           ^^^^^^^^^^^^^^^^^^^^^^^^^^^^^^^^^^
  File "C:\Users\user\source\repos\TODO_bot\venv\Lib\site-packages\aiogram\dispatcher\event\handler.py", line 43, in call
    return await wrapped()
           ^^^^^^^^^^^^^^^
  File "C:\Users\user\source\repos\TODO_bot\TODO_bot\handlers\tasks.py", line 59, in show_tasks
    await cb.message.edit_text(
    ...<2 lines>...
    )
  File "C:\Users\user\source\repos\TODO_bot\venv\Lib\site-packages\aiogram\methods\base.py", line 84, in emit
    return await bot(self)
           ^^^^^^^^^^^^^^^
  File "C:\Users\user\source\repos\TODO_bot\venv\Lib\site-packages\aiogram\client\bot.py", line 485, in __call__
    return await self.session(self, method, timeout=request_timeout)
           ^^^^^^^^^^^^^^^^^^^^^^^^^^^^^^^^^^^^^^^^^^^^^^^^^^^^^^^^^
  File "C:\Users\user\source\repos\TODO_bot\venv\Lib\site-packages\aiogram\client\session\base.py", line 259, in __call__
    return cast(TelegramType, await middleware(bot, method))
                              ^^^^^^^^^^^^^^^^^^^^^^^^^^^^^
  File "C:\Users\user\source\repos\TODO_bot\venv\Lib\site-packages\aiogram\client\session\aiohttp.py", line 177, in make_request
    response = self.check_response(
        bot=bot,
    ...<2 lines>...
        content=raw_result,
    )
  File "C:\Users\user\source\repos\TODO_bot\venv\Lib\site-packages\aiogram\client\session\base.py", line 121, in check_response
    raise TelegramBadRequest(method=method, message=description)
aiogram.exceptions.TelegramBadRequest: Telegram server says - Bad Request: message is not modified: specified new message content and reply markup are exactly the same as a current content and reply markup of the message
2026-01-02 15:26:50,828 | INFO | aiogram.event | Update id=439160669 is handled. Duration 741 ms by bot id=8256805438
2026-01-02 15:26:51,253 | INFO | aiogram.event | Update id=439160670 is handled. Duration 95 ms by bot id=8256805438
2026-01-02 15:26:57,825 | INFO | aiogram.event | Update id=439160671 is handled. Duration 109 ms by bot id=8256805438
2026-01-02 15:34:36,341 | INFO | __main__ | Bot starting
2026-01-02 15:34:36,493 | INFO | apscheduler.scheduler | Adding job tentatively -- it will be properly scheduled when the scheduler starts
2026-01-02 15:34:36,494 | INFO | apscheduler.scheduler | Added job "send_daily" to job store "default"
2026-01-02 15:34:36,494 | INFO | apscheduler.scheduler | Scheduler started
2026-01-02 15:34:36,494 | INFO | aiogram.dispatcher | Start polling
2026-01-02 15:34:40,312 | INFO | aiogram.dispatcher | Run polling for bot @kntr_test_bot id=8256805438 - 'kntr_test_bot'
2026-01-02 15:34:40,779 | INFO | aiogram.event | Update id=439160672 is not handled. Duration 385 ms by bot id=8256805438
2026-01-02 15:34:40,779 | ERROR | aiogram.event | Cause exception while process update id=439160672 by bot id=8256805438
TelegramBadRequest: Telegram server says - Bad Request: message is not modified: specified new message content and reply markup are exactly the same as a current content and reply markup of the message
Traceback (most recent call last):
  File "C:\Users\user\source\repos\TODO_bot\venv\Lib\site-packages\aiogram\dispatcher\dispatcher.py", line 320, in _process_update
    response = await self.feed_update(bot, update, **kwargs)
               ^^^^^^^^^^^^^^^^^^^^^^^^^^^^^^^^^^^^^^^^^^^^^
  File "C:\Users\user\source\repos\TODO_bot\venv\Lib\site-packages\aiogram\dispatcher\dispatcher.py", line 164, in feed_update
    response = await self.update.wrap_outer_middleware(
               ^^^^^^^^^^^^^^^^^^^^^^^^^^^^^^^^^^^^^^^^
    ...<7 lines>...
    )
    ^
  File "C:\Users\user\source\repos\TODO_bot\venv\Lib\site-packages\aiogram\dispatcher\middlewares\error.py", line 27, in __call__
    return await handler(event, data)
           ^^^^^^^^^^^^^^^^^^^^^^^^^^
  File "C:\Users\user\source\repos\TODO_bot\venv\Lib\site-packages\aiogram\dispatcher\middlewares\user_context.py", line 58, in __call__
    return await handler(event, data)
           ^^^^^^^^^^^^^^^^^^^^^^^^^^
  File "C:\Users\user\source\repos\TODO_bot\venv\Lib\site-packages\aiogram\fsm\middleware.py", line 43, in __call__
    return await handler(event, data)
           ^^^^^^^^^^^^^^^^^^^^^^^^^^
  File "C:\Users\user\source\repos\TODO_bot\venv\Lib\site-packages\aiogram\dispatcher\event\telegram.py", line 126, in trigger
    return await wrapped_inner(event, kwargs)
           ^^^^^^^^^^^^^^^^^^^^^^^^^^^^^^^^^^
  File "C:\Users\user\source\repos\TODO_bot\venv\Lib\site-packages\aiogram\dispatcher\event\handler.py", line 43, in call
    return await wrapped()
           ^^^^^^^^^^^^^^^
  File "C:\Users\user\source\repos\TODO_bot\venv\Lib\site-packages\aiogram\dispatcher\dispatcher.py", line 283, in _listen_update
    return await self.propagate_event(update_type=update_type, event=event, **kwargs)
           ^^^^^^^^^^^^^^^^^^^^^^^^^^^^^^^^^^^^^^^^^^^^^^^^^^^^^^^^^^^^^^^^^^^^^^^^^^
  File "C:\Users\user\source\repos\TODO_bot\venv\Lib\site-packages\aiogram\dispatcher\router.py", line 161, in propagate_event
    return await observer.wrap_outer_middleware(_wrapped, event=event, data=kwargs)
           ^^^^^^^^^^^^^^^^^^^^^^^^^^^^^^^^^^^^^^^^^^^^^^^^^^^^^^^^^^^^^^^^^^^^^^^^
  File "C:\Users\user\source\repos\TODO_bot\venv\Lib\site-packages\aiogram\dispatcher\router.py", line 153, in _wrapped
    return await self._propagate_event(
           ^^^^^^^^^^^^^^^^^^^^^^^^^^^^
    ...<4 lines>...
    )
    ^
  File "C:\Users\user\source\repos\TODO_bot\venv\Lib\site-packages\aiogram\dispatcher\router.py", line 189, in _propagate_event
    response = await router.propagate_event(update_type=update_type, event=event, **kwargs)
               ^^^^^^^^^^^^^^^^^^^^^^^^^^^^^^^^^^^^^^^^^^^^^^^^^^^^^^^^^^^^^^^^^^^^^^^^^^^^
  File "C:\Users\user\source\repos\TODO_bot\venv\Lib\site-packages\aiogram\dispatcher\router.py", line 161, in propagate_event
    return await observer.wrap_outer_middleware(_wrapped, event=event, data=kwargs)
           ^^^^^^^^^^^^^^^^^^^^^^^^^^^^^^^^^^^^^^^^^^^^^^^^^^^^^^^^^^^^^^^^^^^^^^^^
  File "C:\Users\user\source\repos\TODO_bot\venv\Lib\site-packages\aiogram\dispatcher\router.py", line 153, in _wrapped
    return await self._propagate_event(
           ^^^^^^^^^^^^^^^^^^^^^^^^^^^^
    ...<4 lines>...
    )
    ^
  File "C:\Users\user\source\repos\TODO_bot\venv\Lib\site-packages\aiogram\dispatcher\router.py", line 181, in _propagate_event
    response = await observer.trigger(event, **kwargs)
               ^^^^^^^^^^^^^^^^^^^^^^^^^^^^^^^^^^^^^^^
  File "C:\Users\user\source\repos\TODO_bot\venv\Lib\site-packages\aiogram\dispatcher\event\telegram.py", line 126, in trigger
    return await wrapped_inner(event, kwargs)
           ^^^^^^^^^^^^^^^^^^^^^^^^^^^^^^^^^^
  File "C:\Users\user\source\repos\TODO_bot\venv\Lib\site-packages\aiogram\dispatcher\event\handler.py", line 43, in call
    return await wrapped()
           ^^^^^^^^^^^^^^^
  File "C:\Users\user\source\repos\TODO_bot\TODO_bot\handlers\tasks.py", line 64, in show_tasks
    await safe_edit(cb, text, keyboard)
  File "C:\Users\user\source\repos\TODO_bot\TODO_bot\utils\safe_edit.py", line 9, in safe_edit
    await cb.message.edit_text(text, reply_markup=reply_markup)
  File "C:\Users\user\source\repos\TODO_bot\venv\Lib\site-packages\aiogram\methods\base.py", line 84, in emit
    return await bot(self)
           ^^^^^^^^^^^^^^^
  File "C:\Users\user\source\repos\TODO_bot\venv\Lib\site-packages\aiogram\client\bot.py", line 485, in __call__
    return await self.session(self, method, timeout=request_timeout)
           ^^^^^^^^^^^^^^^^^^^^^^^^^^^^^^^^^^^^^^^^^^^^^^^^^^^^^^^^^
  File "C:\Users\user\source\repos\TODO_bot\venv\Lib\site-packages\aiogram\client\session\base.py", line 259, in __call__
    return cast(TelegramType, await middleware(bot, method))
                              ^^^^^^^^^^^^^^^^^^^^^^^^^^^^^
  File "C:\Users\user\source\repos\TODO_bot\venv\Lib\site-packages\aiogram\client\session\aiohttp.py", line 177, in make_request
    response = self.check_response(
        bot=bot,
    ...<2 lines>...
        content=raw_result,
    )
  File "C:\Users\user\source\repos\TODO_bot\venv\Lib\site-packages\aiogram\client\session\base.py", line 121, in check_response
    raise TelegramBadRequest(method=method, message=description)
aiogram.exceptions.TelegramBadRequest: Telegram server says - Bad Request: message is not modified: specified new message content and reply markup are exactly the same as a current content and reply markup of the message
2026-01-02 15:34:44,308 | INFO | aiogram.event | Update id=439160673 is handled. Duration 110 ms by bot id=8256805438
2026-01-02 15:34:46,820 | INFO | handlers.tasks | Task added: 1920657547
2026-01-02 15:34:47,217 | INFO | aiogram.event | Update id=439160674 is handled. Duration 427 ms by bot id=8256805438
2026-01-02 15:34:49,380 | INFO | aiogram.event | Update id=439160675 is handled. Duration 906 ms by bot id=8256805438
2026-01-02 15:34:51,994 | INFO | aiogram.event | Update id=439160676 is handled. Duration 95 ms by bot id=8256805438
2026-01-02 15:34:55,556 | INFO | aiogram.event | Update id=439160677 is handled. Duration 491 ms by bot id=8256805438
2026-01-02 15:34:55,943 | INFO | aiogram.event | Update id=439160678 is not handled. Duration 0 ms by bot id=8256805438
2026-01-02 15:38:10,804 | INFO | __main__ | Bot starting
2026-01-02 15:38:10,965 | INFO | apscheduler.scheduler | Adding job tentatively -- it will be properly scheduled when the scheduler starts
2026-01-02 15:38:10,965 | INFO | apscheduler.scheduler | Added job "send_daily" to job store "default"
2026-01-02 15:38:10,966 | INFO | apscheduler.scheduler | Scheduler started
2026-01-02 15:38:10,966 | INFO | aiogram.dispatcher | Start polling
2026-01-02 15:38:11,488 | INFO | aiogram.dispatcher | Run polling for bot @kntr_test_bot id=8256805438 - 'kntr_test_bot'
2026-01-02 15:38:15,729 | INFO | aiogram.event | Update id=439160679 is handled. Duration 665 ms by bot id=8256805438
2026-01-02 15:38:18,026 | INFO | aiogram.event | Update id=439160680 is handled. Duration 432 ms by bot id=8256805438
2026-01-02 15:38:19,078 | INFO | aiogram.event | Update id=439160681 is not handled. Duration 0 ms by bot id=8256805438
2026-01-02 15:38:23,301 | INFO | aiogram.event | Update id=439160682 is handled. Duration 99 ms by bot id=8256805438
2026-01-02 15:40:36,020 | INFO | __main__ | Bot starting
2026-01-02 15:40:36,173 | INFO | apscheduler.scheduler | Adding job tentatively -- it will be properly scheduled when the scheduler starts
2026-01-02 15:40:36,173 | INFO | apscheduler.scheduler | Added job "send_daily" to job store "default"
2026-01-02 15:40:36,173 | INFO | apscheduler.scheduler | Scheduler started
2026-01-02 15:40:36,174 | INFO | aiogram.dispatcher | Start polling
2026-01-02 15:40:36,862 | INFO | aiogram.dispatcher | Run polling for bot @kntr_test_bot id=8256805438 - 'kntr_test_bot'
2026-01-02 15:40:38,954 | INFO | aiogram.event | Update id=439160683 is handled. Duration 1060 ms by bot id=8256805438
2026-01-02 15:40:39,905 | INFO | aiogram.event | Update id=439160684 is handled. Duration 601 ms by bot id=8256805438
2026-01-02 15:40:42,416 | INFO | aiogram.event | Update id=439160685 is not handled. Duration 0 ms by bot id=8256805438
2026-01-02 15:42:38,864 | INFO | __main__ | Bot starting
2026-01-02 15:42:39,015 | INFO | apscheduler.scheduler | Adding job tentatively -- it will be properly scheduled when the scheduler starts
2026-01-02 15:42:39,016 | INFO | apscheduler.scheduler | Added job "send_daily" to job store "default"
2026-01-02 15:42:39,016 | INFO | apscheduler.scheduler | Scheduler started
2026-01-02 15:42:39,016 | INFO | aiogram.dispatcher | Start polling
2026-01-02 15:42:41,032 | INFO | aiogram.dispatcher | Run polling for bot @kntr_test_bot id=8256805438 - 'kntr_test_bot'
2026-01-02 15:42:44,069 | INFO | handlers.start | User start: 1920657547
2026-01-02 15:42:45,723 | INFO | aiogram.event | Update id=439160686 is handled. Duration 1654 ms by bot id=8256805438
2026-01-02 15:42:46,742 | INFO | aiogram.event | Update id=439160687 is handled. Duration 99 ms by bot id=8256805438
2026-01-02 15:42:49,352 | INFO | aiogram.event | Update id=439160688 is handled. Duration 109 ms by bot id=8256805438
2026-01-02 15:42:51,591 | INFO | handlers.tasks | Task added: 1920657547
2026-01-02 15:42:51,693 | INFO | aiogram.event | Update id=439160689 is handled. Duration 108 ms by bot id=8256805438
2026-01-02 15:42:52,927 | INFO | aiogram.event | Update id=439160690 is handled. Duration 95 ms by bot id=8256805438
2026-01-02 15:42:54,639 | INFO | aiogram.event | Update id=439160691 is handled. Duration 98 ms by bot id=8256805438
2026-01-02 15:42:57,841 | INFO | aiogram.event | Update id=439160692 is handled. Duration 96 ms by bot id=8256805438
2026-01-02 15:43:03,083 | INFO | aiogram.event | Update id=439160693 is handled. Duration 126 ms by bot id=8256805438
2026-01-02 15:43:04,115 | INFO | aiogram.event | Update id=439160694 is handled. Duration 137 ms by bot id=8256805438
2026-01-02 15:43:07,621 | INFO | aiogram.event | Update id=439160695 is not handled. Duration 0 ms by bot id=8256805438
2026-01-02 15:43:07,621 | ERROR | aiogram.event | Cause exception while process update id=439160695 by bot id=8256805438
ValueError: invalid literal for int() with base 10: 'all'
Traceback (most recent call last):
  File "C:\Users\user\source\repos\TODO_bot\venv\Lib\site-packages\aiogram\dispatcher\dispatcher.py", line 320, in _process_update
    response = await self.feed_update(bot, update, **kwargs)
               ^^^^^^^^^^^^^^^^^^^^^^^^^^^^^^^^^^^^^^^^^^^^^
  File "C:\Users\user\source\repos\TODO_bot\venv\Lib\site-packages\aiogram\dispatcher\dispatcher.py", line 164, in feed_update
    response = await self.update.wrap_outer_middleware(
               ^^^^^^^^^^^^^^^^^^^^^^^^^^^^^^^^^^^^^^^^
    ...<7 lines>...
    )
    ^
  File "C:\Users\user\source\repos\TODO_bot\venv\Lib\site-packages\aiogram\dispatcher\middlewares\error.py", line 27, in __call__
    return await handler(event, data)
           ^^^^^^^^^^^^^^^^^^^^^^^^^^
  File "C:\Users\user\source\repos\TODO_bot\venv\Lib\site-packages\aiogram\dispatcher\middlewares\user_context.py", line 58, in __call__
    return await handler(event, data)
           ^^^^^^^^^^^^^^^^^^^^^^^^^^
  File "C:\Users\user\source\repos\TODO_bot\venv\Lib\site-packages\aiogram\fsm\middleware.py", line 43, in __call__
    return await handler(event, data)
           ^^^^^^^^^^^^^^^^^^^^^^^^^^
  File "C:\Users\user\source\repos\TODO_bot\venv\Lib\site-packages\aiogram\dispatcher\event\telegram.py", line 126, in trigger
    return await wrapped_inner(event, kwargs)
           ^^^^^^^^^^^^^^^^^^^^^^^^^^^^^^^^^^
  File "C:\Users\user\source\repos\TODO_bot\venv\Lib\site-packages\aiogram\dispatcher\event\handler.py", line 43, in call
    return await wrapped()
           ^^^^^^^^^^^^^^^
  File "C:\Users\user\source\repos\TODO_bot\venv\Lib\site-packages\aiogram\dispatcher\dispatcher.py", line 283, in _listen_update
    return await self.propagate_event(update_type=update_type, event=event, **kwargs)
           ^^^^^^^^^^^^^^^^^^^^^^^^^^^^^^^^^^^^^^^^^^^^^^^^^^^^^^^^^^^^^^^^^^^^^^^^^^
  File "C:\Users\user\source\repos\TODO_bot\venv\Lib\site-packages\aiogram\dispatcher\router.py", line 161, in propagate_event
    return await observer.wrap_outer_middleware(_wrapped, event=event, data=kwargs)
           ^^^^^^^^^^^^^^^^^^^^^^^^^^^^^^^^^^^^^^^^^^^^^^^^^^^^^^^^^^^^^^^^^^^^^^^^
  File "C:\Users\user\source\repos\TODO_bot\venv\Lib\site-packages\aiogram\dispatcher\router.py", line 153, in _wrapped
    return await self._propagate_event(
           ^^^^^^^^^^^^^^^^^^^^^^^^^^^^
    ...<4 lines>...
    )
    ^
  File "C:\Users\user\source\repos\TODO_bot\venv\Lib\site-packages\aiogram\dispatcher\router.py", line 189, in _propagate_event
    response = await router.propagate_event(update_type=update_type, event=event, **kwargs)
               ^^^^^^^^^^^^^^^^^^^^^^^^^^^^^^^^^^^^^^^^^^^^^^^^^^^^^^^^^^^^^^^^^^^^^^^^^^^^
  File "C:\Users\user\source\repos\TODO_bot\venv\Lib\site-packages\aiogram\dispatcher\router.py", line 161, in propagate_event
    return await observer.wrap_outer_middleware(_wrapped, event=event, data=kwargs)
           ^^^^^^^^^^^^^^^^^^^^^^^^^^^^^^^^^^^^^^^^^^^^^^^^^^^^^^^^^^^^^^^^^^^^^^^^
  File "C:\Users\user\source\repos\TODO_bot\venv\Lib\site-packages\aiogram\dispatcher\router.py", line 153, in _wrapped
    return await self._propagate_event(
           ^^^^^^^^^^^^^^^^^^^^^^^^^^^^
    ...<4 lines>...
    )
    ^
  File "C:\Users\user\source\repos\TODO_bot\venv\Lib\site-packages\aiogram\dispatcher\router.py", line 181, in _propagate_event
    response = await observer.trigger(event, **kwargs)
               ^^^^^^^^^^^^^^^^^^^^^^^^^^^^^^^^^^^^^^^
  File "C:\Users\user\source\repos\TODO_bot\venv\Lib\site-packages\aiogram\dispatcher\event\telegram.py", line 126, in trigger
    return await wrapped_inner(event, kwargs)
           ^^^^^^^^^^^^^^^^^^^^^^^^^^^^^^^^^^
  File "C:\Users\user\source\repos\TODO_bot\venv\Lib\site-packages\aiogram\dispatcher\event\handler.py", line 43, in call
    return await wrapped()
           ^^^^^^^^^^^^^^^
  File "C:\Users\user\source\repos\TODO_bot\TODO_bot\handlers\complete_task.py", line 18, in complete_task
    task_id = int(cb.data.split("_")[1])
ValueError: invalid literal for int() with base 10: 'all'
2026-01-02 15:43:26,637 | INFO | aiogram.dispatcher | Polling stopped
2026-01-02 15:43:26,638 | ERROR | aiogram.dispatcher | Failed to fetch updates - TelegramNetworkError: HTTP Client says - ServerDisconnectedError: Server disconnected
2026-01-02 15:43:26,638 | WARNING | aiogram.dispatcher | Sleep for 1.000000 seconds and try again... (tryings = 0, bot id = 8256805438)
2026-01-02 15:43:26,898 | INFO | aiogram.dispatcher | Polling stopped for bot @kntr_test_bot id=8256805438 - 'kntr_test_bot'
2026-01-02 16:00:43,453 | INFO | __main__ | Bot starting
2026-01-02 16:00:43,598 | INFO | apscheduler.scheduler | Adding job tentatively -- it will be properly scheduled when the scheduler starts
2026-01-02 16:00:43,599 | INFO | apscheduler.scheduler | Added job "send_daily" to job store "default"
2026-01-02 16:00:43,599 | INFO | apscheduler.scheduler | Scheduler started
2026-01-02 16:00:43,599 | INFO | aiogram.dispatcher | Start polling
2026-01-02 16:00:45,596 | INFO | aiogram.dispatcher | Run polling for bot @kntr_test_bot id=8256805438 - 'kntr_test_bot'
2026-01-02 16:00:47,450 | INFO | aiogram.event | Update id=439160696 is handled. Duration 368 ms by bot id=8256805438
2026-01-02 16:00:49,771 | INFO | aiogram.event | Update id=439160697 is handled. Duration 519 ms by bot id=8256805438
2026-01-02 16:00:51,292 | INFO | aiogram.event | Update id=439160698 is handled. Duration 794 ms by bot id=8256805438
2026-01-02 16:00:53,806 | INFO | aiogram.event | Update id=439160699 is handled. Duration 219 ms by bot id=8256805438
2026-01-02 16:00:55,849 | INFO | handlers.tasks | Task added: 1920657547
2026-01-02 16:00:56,619 | INFO | aiogram.event | Update id=439160700 is handled. Duration 775 ms by bot id=8256805438
2026-01-02 16:00:59,187 | INFO | aiogram.event | Update id=439160701 is handled. Duration 97 ms by bot id=8256805438
2026-01-02 16:01:00,577 | INFO | aiogram.event | Update id=439160702 is not handled. Duration 1 ms by bot id=8256805438
2026-01-02 16:01:00,578 | ERROR | aiogram.event | Cause exception while process update id=439160702 by bot id=8256805438
ValueError: invalid literal for int() with base 10: 'all'
Traceback (most recent call last):
  File "C:\Users\user\source\repos\TODO_bot\venv\Lib\site-packages\aiogram\dispatcher\dispatcher.py", line 320, in _process_update
    response = await self.feed_update(bot, update, **kwargs)
               ^^^^^^^^^^^^^^^^^^^^^^^^^^^^^^^^^^^^^^^^^^^^^
  File "C:\Users\user\source\repos\TODO_bot\venv\Lib\site-packages\aiogram\dispatcher\dispatcher.py", line 164, in feed_update
    response = await self.update.wrap_outer_middleware(
               ^^^^^^^^^^^^^^^^^^^^^^^^^^^^^^^^^^^^^^^^
    ...<7 lines>...
    )
    ^
  File "C:\Users\user\source\repos\TODO_bot\venv\Lib\site-packages\aiogram\dispatcher\middlewares\error.py", line 27, in __call__
    return await handler(event, data)
           ^^^^^^^^^^^^^^^^^^^^^^^^^^
  File "C:\Users\user\source\repos\TODO_bot\venv\Lib\site-packages\aiogram\dispatcher\middlewares\user_context.py", line 58, in __call__
    return await handler(event, data)
           ^^^^^^^^^^^^^^^^^^^^^^^^^^
  File "C:\Users\user\source\repos\TODO_bot\venv\Lib\site-packages\aiogram\fsm\middleware.py", line 43, in __call__
    return await handler(event, data)
           ^^^^^^^^^^^^^^^^^^^^^^^^^^
  File "C:\Users\user\source\repos\TODO_bot\venv\Lib\site-packages\aiogram\dispatcher\event\telegram.py", line 126, in trigger
    return await wrapped_inner(event, kwargs)
           ^^^^^^^^^^^^^^^^^^^^^^^^^^^^^^^^^^
  File "C:\Users\user\source\repos\TODO_bot\venv\Lib\site-packages\aiogram\dispatcher\event\handler.py", line 43, in call
    return await wrapped()
           ^^^^^^^^^^^^^^^
  File "C:\Users\user\source\repos\TODO_bot\venv\Lib\site-packages\aiogram\dispatcher\dispatcher.py", line 283, in _listen_update
    return await self.propagate_event(update_type=update_type, event=event, **kwargs)
           ^^^^^^^^^^^^^^^^^^^^^^^^^^^^^^^^^^^^^^^^^^^^^^^^^^^^^^^^^^^^^^^^^^^^^^^^^^
  File "C:\Users\user\source\repos\TODO_bot\venv\Lib\site-packages\aiogram\dispatcher\router.py", line 161, in propagate_event
    return await observer.wrap_outer_middleware(_wrapped, event=event, data=kwargs)
           ^^^^^^^^^^^^^^^^^^^^^^^^^^^^^^^^^^^^^^^^^^^^^^^^^^^^^^^^^^^^^^^^^^^^^^^^
  File "C:\Users\user\source\repos\TODO_bot\venv\Lib\site-packages\aiogram\dispatcher\router.py", line 153, in _wrapped
    return await self._propagate_event(
           ^^^^^^^^^^^^^^^^^^^^^^^^^^^^
    ...<4 lines>...
    )
    ^
  File "C:\Users\user\source\repos\TODO_bot\venv\Lib\site-packages\aiogram\dispatcher\router.py", line 189, in _propagate_event
    response = await router.propagate_event(update_type=update_type, event=event, **kwargs)
               ^^^^^^^^^^^^^^^^^^^^^^^^^^^^^^^^^^^^^^^^^^^^^^^^^^^^^^^^^^^^^^^^^^^^^^^^^^^^
  File "C:\Users\user\source\repos\TODO_bot\venv\Lib\site-packages\aiogram\dispatcher\router.py", line 161, in propagate_event
    return await observer.wrap_outer_middleware(_wrapped, event=event, data=kwargs)
           ^^^^^^^^^^^^^^^^^^^^^^^^^^^^^^^^^^^^^^^^^^^^^^^^^^^^^^^^^^^^^^^^^^^^^^^^
  File "C:\Users\user\source\repos\TODO_bot\venv\Lib\site-packages\aiogram\dispatcher\router.py", line 153, in _wrapped
    return await self._propagate_event(
           ^^^^^^^^^^^^^^^^^^^^^^^^^^^^
    ...<4 lines>...
    )
    ^
  File "C:\Users\user\source\repos\TODO_bot\venv\Lib\site-packages\aiogram\dispatcher\router.py", line 181, in _propagate_event
    response = await observer.trigger(event, **kwargs)
               ^^^^^^^^^^^^^^^^^^^^^^^^^^^^^^^^^^^^^^^
  File "C:\Users\user\source\repos\TODO_bot\venv\Lib\site-packages\aiogram\dispatcher\event\telegram.py", line 126, in trigger
    return await wrapped_inner(event, kwargs)
           ^^^^^^^^^^^^^^^^^^^^^^^^^^^^^^^^^^
  File "C:\Users\user\source\repos\TODO_bot\venv\Lib\site-packages\aiogram\dispatcher\event\handler.py", line 43, in call
    return await wrapped()
           ^^^^^^^^^^^^^^^
  File "C:\Users\user\source\repos\TODO_bot\TODO_bot\handlers\complete_task.py", line 18, in complete_task
    task_id = int(cb.data.split("_")[1])
ValueError: invalid literal for int() with base 10: 'all'
2026-01-02 16:02:06,631 | INFO | __main__ | Bot starting
2026-01-02 16:02:06,781 | INFO | apscheduler.scheduler | Adding job tentatively -- it will be properly scheduled when the scheduler starts
2026-01-02 16:02:06,781 | INFO | apscheduler.scheduler | Added job "send_daily" to job store "default"
2026-01-02 16:02:06,781 | INFO | apscheduler.scheduler | Scheduler started
2026-01-02 16:02:06,782 | INFO | aiogram.dispatcher | Start polling
2026-01-02 16:02:09,847 | INFO | aiogram.dispatcher | Run polling for bot @kntr_test_bot id=8256805438 - 'kntr_test_bot'
2026-01-02 16:02:11,056 | INFO | aiogram.event | Update id=439160703 is handled. Duration 1133 ms by bot id=8256805438
2026-01-02 16:02:12,168 | INFO | aiogram.event | Update id=439160704 is handled. Duration 173 ms by bot id=8256805438
2026-01-02 16:02:13,235 | INFO | handlers.complete_task | All tasks completed for user 1920657547
2026-01-02 16:02:13,687 | INFO | aiogram.event | Update id=439160705 is handled. Duration 460 ms by bot id=8256805438
2026-01-02 16:02:18,039 | INFO | aiogram.event | Update id=439160706 is not handled. Duration 1073 ms by bot id=8256805438
2026-01-02 16:02:18,040 | ERROR | aiogram.event | Cause exception while process update id=439160706 by bot id=8256805438
TelegramBadRequest: Telegram server says - Bad Request: message is not modified: specified new message content and reply markup are exactly the same as a current content and reply markup of the message
Traceback (most recent call last):
  File "C:\Users\user\source\repos\TODO_bot\venv\Lib\site-packages\aiogram\dispatcher\dispatcher.py", line 320, in _process_update
    response = await self.feed_update(bot, update, **kwargs)
               ^^^^^^^^^^^^^^^^^^^^^^^^^^^^^^^^^^^^^^^^^^^^^
  File "C:\Users\user\source\repos\TODO_bot\venv\Lib\site-packages\aiogram\dispatcher\dispatcher.py", line 164, in feed_update
    response = await self.update.wrap_outer_middleware(
               ^^^^^^^^^^^^^^^^^^^^^^^^^^^^^^^^^^^^^^^^
    ...<7 lines>...
    )
    ^
  File "C:\Users\user\source\repos\TODO_bot\venv\Lib\site-packages\aiogram\dispatcher\middlewares\error.py", line 27, in __call__
    return await handler(event, data)
           ^^^^^^^^^^^^^^^^^^^^^^^^^^
  File "C:\Users\user\source\repos\TODO_bot\venv\Lib\site-packages\aiogram\dispatcher\middlewares\user_context.py", line 58, in __call__
    return await handler(event, data)
           ^^^^^^^^^^^^^^^^^^^^^^^^^^
  File "C:\Users\user\source\repos\TODO_bot\venv\Lib\site-packages\aiogram\fsm\middleware.py", line 43, in __call__
    return await handler(event, data)
           ^^^^^^^^^^^^^^^^^^^^^^^^^^
  File "C:\Users\user\source\repos\TODO_bot\venv\Lib\site-packages\aiogram\dispatcher\event\telegram.py", line 126, in trigger
    return await wrapped_inner(event, kwargs)
           ^^^^^^^^^^^^^^^^^^^^^^^^^^^^^^^^^^
  File "C:\Users\user\source\repos\TODO_bot\venv\Lib\site-packages\aiogram\dispatcher\event\handler.py", line 43, in call
    return await wrapped()
           ^^^^^^^^^^^^^^^
  File "C:\Users\user\source\repos\TODO_bot\venv\Lib\site-packages\aiogram\dispatcher\dispatcher.py", line 283, in _listen_update
    return await self.propagate_event(update_type=update_type, event=event, **kwargs)
           ^^^^^^^^^^^^^^^^^^^^^^^^^^^^^^^^^^^^^^^^^^^^^^^^^^^^^^^^^^^^^^^^^^^^^^^^^^
  File "C:\Users\user\source\repos\TODO_bot\venv\Lib\site-packages\aiogram\dispatcher\router.py", line 161, in propagate_event
    return await observer.wrap_outer_middleware(_wrapped, event=event, data=kwargs)
           ^^^^^^^^^^^^^^^^^^^^^^^^^^^^^^^^^^^^^^^^^^^^^^^^^^^^^^^^^^^^^^^^^^^^^^^^
  File "C:\Users\user\source\repos\TODO_bot\venv\Lib\site-packages\aiogram\dispatcher\router.py", line 153, in _wrapped
    return await self._propagate_event(
           ^^^^^^^^^^^^^^^^^^^^^^^^^^^^
    ...<4 lines>...
    )
    ^
  File "C:\Users\user\source\repos\TODO_bot\venv\Lib\site-packages\aiogram\dispatcher\router.py", line 189, in _propagate_event
    response = await router.propagate_event(update_type=update_type, event=event, **kwargs)
               ^^^^^^^^^^^^^^^^^^^^^^^^^^^^^^^^^^^^^^^^^^^^^^^^^^^^^^^^^^^^^^^^^^^^^^^^^^^^
  File "C:\Users\user\source\repos\TODO_bot\venv\Lib\site-packages\aiogram\dispatcher\router.py", line 161, in propagate_event
    return await observer.wrap_outer_middleware(_wrapped, event=event, data=kwargs)
           ^^^^^^^^^^^^^^^^^^^^^^^^^^^^^^^^^^^^^^^^^^^^^^^^^^^^^^^^^^^^^^^^^^^^^^^^
  File "C:\Users\user\source\repos\TODO_bot\venv\Lib\site-packages\aiogram\dispatcher\router.py", line 153, in _wrapped
    return await self._propagate_event(
           ^^^^^^^^^^^^^^^^^^^^^^^^^^^^
    ...<4 lines>...
    )
    ^
  File "C:\Users\user\source\repos\TODO_bot\venv\Lib\site-packages\aiogram\dispatcher\router.py", line 181, in _propagate_event
    response = await observer.trigger(event, **kwargs)
               ^^^^^^^^^^^^^^^^^^^^^^^^^^^^^^^^^^^^^^^
  File "C:\Users\user\source\repos\TODO_bot\venv\Lib\site-packages\aiogram\dispatcher\event\telegram.py", line 126, in trigger
    return await wrapped_inner(event, kwargs)
           ^^^^^^^^^^^^^^^^^^^^^^^^^^^^^^^^^^
  File "C:\Users\user\source\repos\TODO_bot\venv\Lib\site-packages\aiogram\dispatcher\event\handler.py", line 43, in call
    return await wrapped()
           ^^^^^^^^^^^^^^^
  File "C:\Users\user\source\repos\TODO_bot\TODO_bot\handlers\tasks.py", line 64, in show_tasks
    await safe_edit(cb, text, keyboard)
  File "C:\Users\user\source\repos\TODO_bot\TODO_bot\utils\safe_edit.py", line 9, in safe_edit
    await cb.message.edit_text(text, reply_markup=reply_markup)
  File "C:\Users\user\source\repos\TODO_bot\venv\Lib\site-packages\aiogram\methods\base.py", line 84, in emit
    return await bot(self)
           ^^^^^^^^^^^^^^^
  File "C:\Users\user\source\repos\TODO_bot\venv\Lib\site-packages\aiogram\client\bot.py", line 485, in __call__
    return await self.session(self, method, timeout=request_timeout)
           ^^^^^^^^^^^^^^^^^^^^^^^^^^^^^^^^^^^^^^^^^^^^^^^^^^^^^^^^^
  File "C:\Users\user\source\repos\TODO_bot\venv\Lib\site-packages\aiogram\client\session\base.py", line 259, in __call__
    return cast(TelegramType, await middleware(bot, method))
                              ^^^^^^^^^^^^^^^^^^^^^^^^^^^^^
  File "C:\Users\user\source\repos\TODO_bot\venv\Lib\site-packages\aiogram\client\session\aiohttp.py", line 177, in make_request
    response = self.check_response(
        bot=bot,
    ...<2 lines>...
        content=raw_result,
    )
  File "C:\Users\user\source\repos\TODO_bot\venv\Lib\site-packages\aiogram\client\session\base.py", line 121, in check_response
    raise TelegramBadRequest(method=method, message=description)
aiogram.exceptions.TelegramBadRequest: Telegram server says - Bad Request: message is not modified: specified new message content and reply markup are exactly the same as a current content and reply markup of the message
2026-01-02 16:02:25,044 | INFO | aiogram.event | Update id=439160707 is handled. Duration 92 ms by bot id=8256805438
2026-01-02 16:02:27,352 | INFO | handlers.tasks | Task added: 1920657547
2026-01-02 16:02:28,289 | INFO | aiogram.event | Update id=439160708 is handled. Duration 941 ms by bot id=8256805438
2026-01-02 16:02:29,403 | INFO | aiogram.event | Update id=439160709 is handled. Duration 93 ms by bot id=8256805438
2026-01-02 16:02:31,556 | INFO | aiogram.event | Update id=439160710 is handled. Duration 97 ms by bot id=8256805438
2026-01-02 16:02:32,885 | INFO | aiogram.event | Update id=439160711 is handled. Duration 132 ms by bot id=8256805438
2026-01-02 16:02:34,170 | INFO | aiogram.event | Update id=439160712 is handled. Duration 431 ms by bot id=8256805438
2026-01-02 16:02:53,239 | INFO | aiogram.event | Update id=439160713 is handled. Duration 597 ms by bot id=8256805438
2026-01-02 16:02:54,796 | INFO | handlers.complete_task | All tasks completed for user 1920657547
2026-01-02 16:02:55,328 | INFO | aiogram.event | Update id=439160714 is handled. Duration 538 ms by bot id=8256805438
2026-01-02 16:02:58,547 | INFO | aiogram.event | Update id=439160715 is not handled. Duration 604 ms by bot id=8256805438
2026-01-02 16:02:58,547 | ERROR | aiogram.event | Cause exception while process update id=439160715 by bot id=8256805438
TelegramBadRequest: Telegram server says - Bad Request: message is not modified: specified new message content and reply markup are exactly the same as a current content and reply markup of the message
Traceback (most recent call last):
  File "C:\Users\user\source\repos\TODO_bot\venv\Lib\site-packages\aiogram\dispatcher\dispatcher.py", line 320, in _process_update
    response = await self.feed_update(bot, update, **kwargs)
               ^^^^^^^^^^^^^^^^^^^^^^^^^^^^^^^^^^^^^^^^^^^^^
  File "C:\Users\user\source\repos\TODO_bot\venv\Lib\site-packages\aiogram\dispatcher\dispatcher.py", line 164, in feed_update
    response = await self.update.wrap_outer_middleware(
               ^^^^^^^^^^^^^^^^^^^^^^^^^^^^^^^^^^^^^^^^
    ...<7 lines>...
    )
    ^
  File "C:\Users\user\source\repos\TODO_bot\venv\Lib\site-packages\aiogram\dispatcher\middlewares\error.py", line 27, in __call__
    return await handler(event, data)
           ^^^^^^^^^^^^^^^^^^^^^^^^^^
  File "C:\Users\user\source\repos\TODO_bot\venv\Lib\site-packages\aiogram\dispatcher\middlewares\user_context.py", line 58, in __call__
    return await handler(event, data)
           ^^^^^^^^^^^^^^^^^^^^^^^^^^
  File "C:\Users\user\source\repos\TODO_bot\venv\Lib\site-packages\aiogram\fsm\middleware.py", line 43, in __call__
    return await handler(event, data)
           ^^^^^^^^^^^^^^^^^^^^^^^^^^
  File "C:\Users\user\source\repos\TODO_bot\venv\Lib\site-packages\aiogram\dispatcher\event\telegram.py", line 126, in trigger
    return await wrapped_inner(event, kwargs)
           ^^^^^^^^^^^^^^^^^^^^^^^^^^^^^^^^^^
  File "C:\Users\user\source\repos\TODO_bot\venv\Lib\site-packages\aiogram\dispatcher\event\handler.py", line 43, in call
    return await wrapped()
           ^^^^^^^^^^^^^^^
  File "C:\Users\user\source\repos\TODO_bot\venv\Lib\site-packages\aiogram\dispatcher\dispatcher.py", line 283, in _listen_update
    return await self.propagate_event(update_type=update_type, event=event, **kwargs)
           ^^^^^^^^^^^^^^^^^^^^^^^^^^^^^^^^^^^^^^^^^^^^^^^^^^^^^^^^^^^^^^^^^^^^^^^^^^
  File "C:\Users\user\source\repos\TODO_bot\venv\Lib\site-packages\aiogram\dispatcher\router.py", line 161, in propagate_event
    return await observer.wrap_outer_middleware(_wrapped, event=event, data=kwargs)
           ^^^^^^^^^^^^^^^^^^^^^^^^^^^^^^^^^^^^^^^^^^^^^^^^^^^^^^^^^^^^^^^^^^^^^^^^
  File "C:\Users\user\source\repos\TODO_bot\venv\Lib\site-packages\aiogram\dispatcher\router.py", line 153, in _wrapped
    return await self._propagate_event(
           ^^^^^^^^^^^^^^^^^^^^^^^^^^^^
    ...<4 lines>...
    )
    ^
  File "C:\Users\user\source\repos\TODO_bot\venv\Lib\site-packages\aiogram\dispatcher\router.py", line 189, in _propagate_event
    response = await router.propagate_event(update_type=update_type, event=event, **kwargs)
               ^^^^^^^^^^^^^^^^^^^^^^^^^^^^^^^^^^^^^^^^^^^^^^^^^^^^^^^^^^^^^^^^^^^^^^^^^^^^
  File "C:\Users\user\source\repos\TODO_bot\venv\Lib\site-packages\aiogram\dispatcher\router.py", line 161, in propagate_event
    return await observer.wrap_outer_middleware(_wrapped, event=event, data=kwargs)
           ^^^^^^^^^^^^^^^^^^^^^^^^^^^^^^^^^^^^^^^^^^^^^^^^^^^^^^^^^^^^^^^^^^^^^^^^
  File "C:\Users\user\source\repos\TODO_bot\venv\Lib\site-packages\aiogram\dispatcher\router.py", line 153, in _wrapped
    return await self._propagate_event(
           ^^^^^^^^^^^^^^^^^^^^^^^^^^^^
    ...<4 lines>...
    )
    ^
  File "C:\Users\user\source\repos\TODO_bot\venv\Lib\site-packages\aiogram\dispatcher\router.py", line 181, in _propagate_event
    response = await observer.trigger(event, **kwargs)
               ^^^^^^^^^^^^^^^^^^^^^^^^^^^^^^^^^^^^^^^
  File "C:\Users\user\source\repos\TODO_bot\venv\Lib\site-packages\aiogram\dispatcher\event\telegram.py", line 126, in trigger
    return await wrapped_inner(event, kwargs)
           ^^^^^^^^^^^^^^^^^^^^^^^^^^^^^^^^^^
  File "C:\Users\user\source\repos\TODO_bot\venv\Lib\site-packages\aiogram\dispatcher\event\handler.py", line 43, in call
    return await wrapped()
           ^^^^^^^^^^^^^^^
  File "C:\Users\user\source\repos\TODO_bot\TODO_bot\handlers\tasks.py", line 64, in show_tasks
    await safe_edit(cb, text, keyboard)
  File "C:\Users\user\source\repos\TODO_bot\TODO_bot\utils\safe_edit.py", line 9, in safe_edit
    await cb.message.edit_text(text, reply_markup=reply_markup)
  File "C:\Users\user\source\repos\TODO_bot\venv\Lib\site-packages\aiogram\methods\base.py", line 84, in emit
    return await bot(self)
           ^^^^^^^^^^^^^^^
  File "C:\Users\user\source\repos\TODO_bot\venv\Lib\site-packages\aiogram\client\bot.py", line 485, in __call__
    return await self.session(self, method, timeout=request_timeout)
           ^^^^^^^^^^^^^^^^^^^^^^^^^^^^^^^^^^^^^^^^^^^^^^^^^^^^^^^^^
  File "C:\Users\user\source\repos\TODO_bot\venv\Lib\site-packages\aiogram\client\session\base.py", line 259, in __call__
    return cast(TelegramType, await middleware(bot, method))
                              ^^^^^^^^^^^^^^^^^^^^^^^^^^^^^
  File "C:\Users\user\source\repos\TODO_bot\venv\Lib\site-packages\aiogram\client\session\aiohttp.py", line 177, in make_request
    response = self.check_response(
        bot=bot,
    ...<2 lines>...
        content=raw_result,
    )
  File "C:\Users\user\source\repos\TODO_bot\venv\Lib\site-packages\aiogram\client\session\base.py", line 121, in check_response
    raise TelegramBadRequest(method=method, message=description)
aiogram.exceptions.TelegramBadRequest: Telegram server says - Bad Request: message is not modified: specified new message content and reply markup are exactly the same as a current content and reply markup of the message
2026-01-02 16:05:05,854 | INFO | __main__ | Bot starting
2026-01-02 16:05:06,009 | INFO | apscheduler.scheduler | Adding job tentatively -- it will be properly scheduled when the scheduler starts
2026-01-02 16:05:06,009 | INFO | apscheduler.scheduler | Added job "send_daily" to job store "default"
2026-01-02 16:05:06,009 | INFO | apscheduler.scheduler | Scheduler started
2026-01-02 16:05:06,010 | INFO | aiogram.dispatcher | Start polling
2026-01-02 16:05:07,521 | INFO | aiogram.dispatcher | Run polling for bot @kntr_test_bot id=8256805438 - 'kntr_test_bot'
2026-01-02 16:05:09,916 | INFO | aiogram.event | Update id=439160716 is not handled. Duration 319 ms by bot id=8256805438
2026-01-02 16:05:09,916 | ERROR | aiogram.event | Cause exception while process update id=439160716 by bot id=8256805438
TelegramBadRequest: Telegram server says - Bad Request: message is not modified: specified new message content and reply markup are exactly the same as a current content and reply markup of the message
Traceback (most recent call last):
  File "C:\Users\user\source\repos\TODO_bot\venv\Lib\site-packages\aiogram\dispatcher\dispatcher.py", line 320, in _process_update
    response = await self.feed_update(bot, update, **kwargs)
               ^^^^^^^^^^^^^^^^^^^^^^^^^^^^^^^^^^^^^^^^^^^^^
  File "C:\Users\user\source\repos\TODO_bot\venv\Lib\site-packages\aiogram\dispatcher\dispatcher.py", line 164, in feed_update
    response = await self.update.wrap_outer_middleware(
               ^^^^^^^^^^^^^^^^^^^^^^^^^^^^^^^^^^^^^^^^
    ...<7 lines>...
    )
    ^
  File "C:\Users\user\source\repos\TODO_bot\venv\Lib\site-packages\aiogram\dispatcher\middlewares\error.py", line 27, in __call__
    return await handler(event, data)
           ^^^^^^^^^^^^^^^^^^^^^^^^^^
  File "C:\Users\user\source\repos\TODO_bot\venv\Lib\site-packages\aiogram\dispatcher\middlewares\user_context.py", line 58, in __call__
    return await handler(event, data)
           ^^^^^^^^^^^^^^^^^^^^^^^^^^
  File "C:\Users\user\source\repos\TODO_bot\venv\Lib\site-packages\aiogram\fsm\middleware.py", line 43, in __call__
    return await handler(event, data)
           ^^^^^^^^^^^^^^^^^^^^^^^^^^
  File "C:\Users\user\source\repos\TODO_bot\venv\Lib\site-packages\aiogram\dispatcher\event\telegram.py", line 126, in trigger
    return await wrapped_inner(event, kwargs)
           ^^^^^^^^^^^^^^^^^^^^^^^^^^^^^^^^^^
  File "C:\Users\user\source\repos\TODO_bot\venv\Lib\site-packages\aiogram\dispatcher\event\handler.py", line 43, in call
    return await wrapped()
           ^^^^^^^^^^^^^^^
  File "C:\Users\user\source\repos\TODO_bot\venv\Lib\site-packages\aiogram\dispatcher\dispatcher.py", line 283, in _listen_update
    return await self.propagate_event(update_type=update_type, event=event, **kwargs)
           ^^^^^^^^^^^^^^^^^^^^^^^^^^^^^^^^^^^^^^^^^^^^^^^^^^^^^^^^^^^^^^^^^^^^^^^^^^
  File "C:\Users\user\source\repos\TODO_bot\venv\Lib\site-packages\aiogram\dispatcher\router.py", line 161, in propagate_event
    return await observer.wrap_outer_middleware(_wrapped, event=event, data=kwargs)
           ^^^^^^^^^^^^^^^^^^^^^^^^^^^^^^^^^^^^^^^^^^^^^^^^^^^^^^^^^^^^^^^^^^^^^^^^
  File "C:\Users\user\source\repos\TODO_bot\venv\Lib\site-packages\aiogram\dispatcher\router.py", line 153, in _wrapped
    return await self._propagate_event(
           ^^^^^^^^^^^^^^^^^^^^^^^^^^^^
    ...<4 lines>...
    )
    ^
  File "C:\Users\user\source\repos\TODO_bot\venv\Lib\site-packages\aiogram\dispatcher\router.py", line 189, in _propagate_event
    response = await router.propagate_event(update_type=update_type, event=event, **kwargs)
               ^^^^^^^^^^^^^^^^^^^^^^^^^^^^^^^^^^^^^^^^^^^^^^^^^^^^^^^^^^^^^^^^^^^^^^^^^^^^
  File "C:\Users\user\source\repos\TODO_bot\venv\Lib\site-packages\aiogram\dispatcher\router.py", line 161, in propagate_event
    return await observer.wrap_outer_middleware(_wrapped, event=event, data=kwargs)
           ^^^^^^^^^^^^^^^^^^^^^^^^^^^^^^^^^^^^^^^^^^^^^^^^^^^^^^^^^^^^^^^^^^^^^^^^
  File "C:\Users\user\source\repos\TODO_bot\venv\Lib\site-packages\aiogram\dispatcher\router.py", line 153, in _wrapped
    return await self._propagate_event(
           ^^^^^^^^^^^^^^^^^^^^^^^^^^^^
    ...<4 lines>...
    )
    ^
  File "C:\Users\user\source\repos\TODO_bot\venv\Lib\site-packages\aiogram\dispatcher\router.py", line 181, in _propagate_event
    response = await observer.trigger(event, **kwargs)
               ^^^^^^^^^^^^^^^^^^^^^^^^^^^^^^^^^^^^^^^
  File "C:\Users\user\source\repos\TODO_bot\venv\Lib\site-packages\aiogram\dispatcher\event\telegram.py", line 126, in trigger
    return await wrapped_inner(event, kwargs)
           ^^^^^^^^^^^^^^^^^^^^^^^^^^^^^^^^^^
  File "C:\Users\user\source\repos\TODO_bot\venv\Lib\site-packages\aiogram\dispatcher\event\handler.py", line 43, in call
    return await wrapped()
           ^^^^^^^^^^^^^^^
  File "C:\Users\user\source\repos\TODO_bot\TODO_bot\handlers\tasks.py", line 64, in show_tasks
    await safe_edit(cb, text, keyboard)
  File "C:\Users\user\source\repos\TODO_bot\TODO_bot\utils\safe_edit.py", line 9, in safe_edit
    await cb.message.edit_text(text, reply_markup=reply_markup)
  File "C:\Users\user\source\repos\TODO_bot\venv\Lib\site-packages\aiogram\methods\base.py", line 84, in emit
    return await bot(self)
           ^^^^^^^^^^^^^^^
  File "C:\Users\user\source\repos\TODO_bot\venv\Lib\site-packages\aiogram\client\bot.py", line 485, in __call__
    return await self.session(self, method, timeout=request_timeout)
           ^^^^^^^^^^^^^^^^^^^^^^^^^^^^^^^^^^^^^^^^^^^^^^^^^^^^^^^^^
  File "C:\Users\user\source\repos\TODO_bot\venv\Lib\site-packages\aiogram\client\session\base.py", line 259, in __call__
    return cast(TelegramType, await middleware(bot, method))
                              ^^^^^^^^^^^^^^^^^^^^^^^^^^^^^
  File "C:\Users\user\source\repos\TODO_bot\venv\Lib\site-packages\aiogram\client\session\aiohttp.py", line 177, in make_request
    response = self.check_response(
        bot=bot,
    ...<2 lines>...
        content=raw_result,
    )
  File "C:\Users\user\source\repos\TODO_bot\venv\Lib\site-packages\aiogram\client\session\base.py", line 121, in check_response
    raise TelegramBadRequest(method=method, message=description)
aiogram.exceptions.TelegramBadRequest: Telegram server says - Bad Request: message is not modified: specified new message content and reply markup are exactly the same as a current content and reply markup of the message
2026-01-02 16:05:18,853 | INFO | aiogram.dispatcher | Polling stopped
2026-01-02 16:05:18,855 | ERROR | aiogram.dispatcher | Failed to fetch updates - TelegramNetworkError: HTTP Client says - ServerDisconnectedError: Server disconnected
2026-01-02 16:05:18,855 | WARNING | aiogram.dispatcher | Sleep for 1.000000 seconds and try again... (tryings = 0, bot id = 8256805438)
2026-01-02 16:05:19,112 | INFO | aiogram.dispatcher | Polling stopped for bot @kntr_test_bot id=8256805438 - 'kntr_test_bot'
2026-01-02 16:08:03,807 | INFO | __main__ | Bot starting
2026-01-02 16:08:03,954 | INFO | apscheduler.scheduler | Adding job tentatively -- it will be properly scheduled when the scheduler starts
2026-01-02 16:08:03,954 | INFO | apscheduler.scheduler | Added job "send_daily" to job store "default"
2026-01-02 16:08:03,954 | INFO | apscheduler.scheduler | Scheduler started
2026-01-02 16:08:03,955 | INFO | aiogram.dispatcher | Start polling
2026-01-02 16:08:05,878 | INFO | aiogram.dispatcher | Run polling for bot @kntr_test_bot id=8256805438 - 'kntr_test_bot'
2026-01-02 16:08:08,003 | INFO | aiogram.event | Update id=439160717 is handled. Duration 244 ms by bot id=8256805438
2026-01-02 16:08:18,069 | INFO | aiogram.event | Update id=439160718 is handled. Duration 355 ms by bot id=8256805438
2026-01-02 16:09:48,212 | INFO | aiogram.event | Update id=439160719 is handled. Duration 97 ms by bot id=8256805438
